<?xml version="1.0" encoding="UTF-8"?>
<testng-results ignored="0" total="1" passed="1" failed="0" skipped="0">
  <reporter-output>
  </reporter-output>
  <suite started-at="2023-07-07T16:28:52 CDT" name="Default suite" finished-at="2023-07-07T16:29:08 CDT" duration-ms="16120">
    <groups>
    </groups>
    <test started-at="2023-07-07T16:28:52 CDT" name="Default test" finished-at="2023-07-07T16:29:08 CDT" duration-ms="16120">
      <class name="variousConcepts.LoginTestNG">
        <test-method signature="init()[pri:0, instance:variousConcepts.LoginTestNG@26e356f0]" started-at="2023-07-07T16:28:52 CDT" name="init" finished-at="2023-07-07T16:29:08 CDT" duration-ms="16073" status="PASS">
          <reporter-output>
          </reporter-output>
        </test-method> <!-- init -->
      </class> <!-- variousConcepts.LoginTestNG -->
    </test> <!-- Default test -->
  </suite> <!-- Default suite -->
</testng-results>
